<?xml version="1.0" encoding="UTF-8"?>
<!-- Generated by org.testng.reporters.JUnitReportReporter -->
<testsuite hostname="DESKTOP-3N79QC9" failures="0" tests="1" name="testCases.TC001_FlipkartSearch" time="7.153" errors="0" timestamp="2025-05-06T12:02:03 IST" skipped="0">
  <testcase classname="testCases.TC001_FlipkartSearch" name="flipkart_search" time="7.153"/>
</testsuite> <!-- testCases.TC001_FlipkartSearch -->
