<?xml version="1.0" encoding="UTF-8"?>
<!-- Generated by org.testng.reporters.JUnitReportReporter -->
<testsuite hostname="DESKTOP-3N79QC9" failures="0" tests="1" name="testCases.TC001_FlipkartSearch" time="9.562" errors="0" timestamp="2025-05-06T20:01:07 IST" skipped="0">
  <testcase classname="testCases.TC001_FlipkartSearch" name="flipkart_search" time="9.562"/>
</testsuite> <!-- testCases.TC001_FlipkartSearch -->
